[08:59:29] [Client thread/INFO]: Setting user: Player729
[08:59:41] [Client thread/INFO]: LWJGL Version: 2.9.4
[08:59:44] [Client thread/INFO]: [STDOUT]: ---- Minecraft Crash Report ----
// My bad.

Time: 17-2-20 上午8:59
Description: Loading screen debug info

This is just a prompt for computer specs to be printed. THIS IS NOT A ERROR


A detailed walkthrough of the error, its code path and all known details is as follows:
---------------------------------------------------------------------------------------

-- System Details --
Details:
	Minecraft Version: 1.11
	Operating System: Windows 8.1 (amd64) version 6.3
	Java Version: 1.7.0_80, Oracle Corporation
	Java VM Version: Java HotSpot(TM) 64-Bit Server VM (mixed mode), Oracle Corporation
	Memory: 143273168 bytes (136 MB) / 460324864 bytes (439 MB) up to 928514048 bytes (885 MB)
	JVM Flags: 0 total; 
	IntCache: cache: 0, tcache: 0, allocated: 0, tallocated: 0
	FML: 
	Loaded coremods (and transformers): 
	GL info: ' Vendor: 'Intel' Version: '4.0.0 - Build 10.18.10.4358' Renderer: 'Intel(R) HD Graphics'
[09:00:04] [Client thread/INFO]: Reloading ResourceManager: Default, FMLFileResourcePack:Forge Mod Loader, FMLFileResourcePack:Minecraft Forge, FMLFileResourcePack:More Eggs, FMLFileResourcePack:Example Mod
[09:00:07] [Client thread/INFO]: [STDOUT]: ItemRenderLoader been Initializated!
[09:00:54] [Sound Library Loader/INFO]: Starting up SoundSystem...
[09:00:55] [Thread-8/INFO]: Initializing LWJGL OpenAL
[09:00:55] [Thread-8/INFO]: (The LWJGL binding of OpenAL.  For more information, see http://www.lwjgl.org)
[09:00:56] [Thread-8/INFO]: OpenAL initialized.
[09:00:56] [Sound Library Loader/INFO]: Sound engine started
[09:01:13] [Client thread/INFO]: Created: 16x16 textures-atlas
[09:01:20] [Client thread/INFO]: [STDOUT]: DIRT BLOCK >> tile.dirt
[09:01:20] [Client thread/INFO]: Reloading ResourceManager: Default, FMLFileResourcePack:Forge Mod Loader, FMLFileResourcePack:Minecraft Forge, FMLFileResourcePack:More Eggs, FMLFileResourcePack:Example Mod
[09:01:48] [Client thread/INFO]: SoundSystem shutting down...
[09:01:48] [Client thread/WARN]: Author: Paul Lamb, www.paulscode.com
[09:01:48] [Sound Library Loader/INFO]: Starting up SoundSystem...
[09:01:48] [Thread-10/INFO]: Initializing LWJGL OpenAL
[09:01:48] [Thread-10/INFO]: (The LWJGL binding of OpenAL.  For more information, see http://www.lwjgl.org)
[09:01:48] [Thread-10/INFO]: OpenAL initialized.
[09:01:49] [Sound Library Loader/INFO]: Sound engine started
[09:02:09] [Client thread/INFO]: Created: 512x512 textures-atlas
[09:02:28] [Realms Notification Availability checker #1/INFO]: Could not authorize you against Realms server: Invalid session id
[09:02:49] [Server thread/INFO]: Starting integrated minecraft server version 1.11
[09:02:49] [Server thread/INFO]: Generating keypair
[09:02:56] [Server thread/INFO]: Preparing start region for level 0
[09:02:57] [Server thread/INFO]: Preparing spawn area: 52%
[09:02:58] [Server thread/INFO]: Changing view distance to 12, from 10
[09:03:02] [Server thread/INFO]: Player729[local:E:95316a9e] logged in with entity id 16 at (372.5, 4.0, 777.5)
[09:03:02] [Server thread/INFO]: Player729 joined the game
[09:03:05] [Server thread/WARN]: Can't keep up! Did the system time change, or is the server overloaded? Running 2339ms behind, skipping 46 tick(s)
[09:03:09] [Server thread/INFO]: Saving and pausing game...
[09:03:09] [Server thread/INFO]: Saving chunks for level 'New World'/Overworld
[09:03:10] [Server thread/INFO]: Saving chunks for level 'New World'/Nether
[09:03:10] [Server thread/INFO]: Saving chunks for level 'New World'/The End
[09:03:10] [pool-2-thread-1/WARN]: Couldn't look up profile properties for com.mojang.authlib.GameProfile@58f8258d[id=16deb2db-fd20-3caa-97b8-af2729ef2158,name=Player729,properties={},legacy=false]
com.mojang.authlib.exceptions.AuthenticationException: The client has sent too many requests within a certain amount of time
	at com.mojang.authlib.yggdrasil.YggdrasilAuthenticationService.makeRequest(YggdrasilAuthenticationService.java:79) ~[YggdrasilAuthenticationService.class:?]
	at com.mojang.authlib.yggdrasil.YggdrasilMinecraftSessionService.fillGameProfile(YggdrasilMinecraftSessionService.java:180) [YggdrasilMinecraftSessionService.class:?]
	at com.mojang.authlib.yggdrasil.YggdrasilMinecraftSessionService$1.load(YggdrasilMinecraftSessionService.java:60) [YggdrasilMinecraftSessionService$1.class:?]
	at com.mojang.authlib.yggdrasil.YggdrasilMinecraftSessionService$1.load(YggdrasilMinecraftSessionService.java:57) [YggdrasilMinecraftSessionService$1.class:?]
	at com.google.common.cache.LocalCache$LoadingValueReference.loadFuture(LocalCache.java:3524) [guava-17.0.jar:?]
	at com.google.common.cache.LocalCache$Segment.loadSync(LocalCache.java:2317) [guava-17.0.jar:?]
	at com.google.common.cache.LocalCache$Segment.lockedGetOrLoad(LocalCache.java:2280) [guava-17.0.jar:?]
	at com.google.common.cache.LocalCache$Segment.get(LocalCache.java:2195) [guava-17.0.jar:?]
	at com.google.common.cache.LocalCache.get(LocalCache.java:3934) [guava-17.0.jar:?]
	at com.google.common.cache.LocalCache.getOrLoad(LocalCache.java:3938) [guava-17.0.jar:?]
	at com.google.common.cache.LocalCache$LocalLoadingCache.get(LocalCache.java:4821) [guava-17.0.jar:?]
	at com.google.common.cache.LocalCache$LocalLoadingCache.getUnchecked(LocalCache.java:4827) [guava-17.0.jar:?]
	at com.mojang.authlib.yggdrasil.YggdrasilMinecraftSessionService.fillProfileProperties(YggdrasilMinecraftSessionService.java:170) [YggdrasilMinecraftSessionService.class:?]
	at net.minecraft.client.Minecraft.getProfileProperties(Minecraft.java:3054) [Minecraft.class:?]
	at net.minecraft.client.resources.SkinManager$3.run(SkinManager.java:138) [SkinManager$3.class:?]
	at java.util.concurrent.Executors$RunnableAdapter.call(Executors.java:471) [?:1.7.0_80]
	at java.util.concurrent.FutureTask.run(FutureTask.java:262) [?:1.7.0_80]
	at java.util.concurrent.ThreadPoolExecutor.runWorker(ThreadPoolExecutor.java:1145) [?:1.7.0_80]
	at java.util.concurrent.ThreadPoolExecutor$Worker.run(ThreadPoolExecutor.java:615) [?:1.7.0_80]
	at java.lang.Thread.run(Thread.java:745) [?:1.7.0_80]
[09:03:29] [Server thread/WARN]: Can't keep up! Did the system time change, or is the server overloaded? Running 2138ms behind, skipping 42 tick(s)
[09:03:30] [Server thread/INFO]: Player729 has just earned the achievement [Taking Inventory]
[09:03:31] [Client thread/INFO]: [CHAT] Player729 has just earned the achievement [Taking Inventory]
[09:03:39] [Server thread/INFO]: Saving and pausing game...
[09:03:40] [Server thread/INFO]: Saving chunks for level 'New World'/Overworld
[09:03:40] [Server thread/INFO]: Saving chunks for level 'New World'/Nether
[09:03:40] [Server thread/INFO]: Saving chunks for level 'New World'/The End
[09:03:40] [Client thread/INFO]: Stopping!
[09:03:40] [Server thread/INFO]: Stopping server
[09:03:40] [Server thread/INFO]: Saving players
[09:03:41] [Server thread/INFO]: Saving worlds
[09:03:41] [Server thread/INFO]: Saving chunks for level 'New World'/Overworld
[09:03:41] [Server thread/INFO]: Saving chunks for level 'New World'/Nether
[09:03:41] [Server thread/INFO]: Saving chunks for level 'New World'/The End
[09:03:41] [Client thread/INFO]: SoundSystem shutting down...
[09:03:41] [Client thread/WARN]: Author: Paul Lamb, www.paulscode.com
